0 info it worked if it ends with ok
1 verbose cli [ '/usr/local/bin/node', '/usr/local/bin/npm', 'run', 'css' ]
2 info using npm@3.3.12
3 info using node@v5.4.1
4 verbose run-script [ 'precss', 'css', 'postcss' ]
5 info lifecycle caladan@0.1.0~precss: caladan@0.1.0
6 silly lifecycle caladan@0.1.0~precss: no script for precss, continuing
7 info lifecycle caladan@0.1.0~css: caladan@0.1.0
8 verbose lifecycle caladan@0.1.0~css: unsafe-perm in lifecycle true
9 verbose lifecycle caladan@0.1.0~css: PATH: /usr/local/lib/node_modules/npm/bin/node-gyp-bin:/Users/phil/work/_resources/_template-sites/caladan/node_modules/.bin:/Users/phil/.rvm/gems/ruby-1.9.3-p327/bin:/Users/phil/.rvm/gems/ruby-1.9.3-p327@global/bin:/Users/phil/.rvm/rubies/ruby-1.9.3-p327/bin:/usr/local/bin:/usr/bin:/bin:/usr/sbin:/sbin:/usr/local/MacGPG2/bin:/usr/local/munki:/Users/phil/bin:/usr/local/bin:/usr/local/pgsql/bin:/Users/phil/.rvm/bin
10 verbose lifecycle caladan@0.1.0~css: CWD: /Users/phil/work/_resources/_template-sites/caladan
11 silly lifecycle caladan@0.1.0~css: Args: [ '-c', 'postcss -c postcss.config.js --watch' ]
12 silly lifecycle caladan@0.1.0~css: Returned: code: 1  signal: null
13 info lifecycle caladan@0.1.0~css: Failed to exec css script
14 verbose stack Error: caladan@0.1.0 css: `postcss -c postcss.config.js --watch`
14 verbose stack Exit status 1
14 verbose stack     at EventEmitter.<anonymous> (/usr/local/lib/node_modules/npm/lib/utils/lifecycle.js:232:16)
14 verbose stack     at emitTwo (events.js:87:13)
14 verbose stack     at EventEmitter.emit (events.js:172:7)
14 verbose stack     at ChildProcess.<anonymous> (/usr/local/lib/node_modules/npm/lib/utils/spawn.js:24:14)
14 verbose stack     at emitTwo (events.js:87:13)
14 verbose stack     at ChildProcess.emit (events.js:172:7)
14 verbose stack     at maybeClose (internal/child_process.js:821:16)
14 verbose stack     at Process.ChildProcess._handle.onexit (internal/child_process.js:211:5)
15 verbose pkgid caladan@0.1.0
16 verbose cwd /Users/phil/work/_resources/_template-sites/caladan
17 error Darwin 15.5.0
18 error argv "/usr/local/bin/node" "/usr/local/bin/npm" "run" "css"
19 error node v5.4.1
20 error npm  v3.3.12
21 error code ELIFECYCLE
22 error caladan@0.1.0 css: `postcss -c postcss.config.js --watch`
22 error Exit status 1
23 error Failed at the caladan@0.1.0 css script 'postcss -c postcss.config.js --watch'.
23 error Make sure you have the latest version of node.js and npm installed.
23 error If you do, this is most likely a problem with the caladan package,
23 error not with npm itself.
23 error Tell the author that this fails on your system:
23 error     postcss -c postcss.config.js --watch
23 error You can get their info via:
23 error     npm owner ls caladan
23 error There is likely additional logging output above.
24 verbose exit [ 1, true ]
